[debug] [2022-06-13T22:29:36.965Z] ----------------------------------------------------------------------
[debug] [2022-06-13T22:29:36.965Z] Command:       /usr/local/bin/node /usr/local/bin/firebase deploy
[debug] [2022-06-13T22:29:36.966Z] CLI Version:   10.8.0
[debug] [2022-06-13T22:29:36.966Z] Platform:      darwin
[debug] [2022-06-13T22:29:36.966Z] Node Version:  v16.14.2
[debug] [2022-06-13T22:29:36.968Z] Time:          Mon Jun 13 2022 18:29:36 GMT-0400 (Eastern Daylight Time)
[debug] [2022-06-13T22:29:36.968Z] ----------------------------------------------------------------------
[debug] 
[debug] [2022-06-13T22:29:36.994Z] Field ".emulators.hosting.port" in "firebase.json" is possibly invalid: should be number
[debug] [2022-06-13T22:29:36.998Z] > command requires scopes: ["email","openid","https://www.googleapis.com/auth/cloudplatformprojects.readonly","https://www.googleapis.com/auth/firebase","https://www.googleapis.com/auth/cloud-platform"]
[debug] [2022-06-13T22:29:36.998Z] > authorizing via signed-in user (wademgmt@gmail.com)
[debug] [2022-06-13T22:29:36.998Z] [iam] checking project ecommerce-backend-wb for permissions ["cloudfunctions.functions.create","cloudfunctions.functions.delete","cloudfunctions.functions.get","cloudfunctions.functions.list","cloudfunctions.functions.update","cloudfunctions.operations.get","firebase.projects.get","firebasehosting.sites.update"]
[debug] [2022-06-13T22:29:36.999Z] >>> [apiv2][query] POST https://cloudresourcemanager.googleapis.com/v1/projects/ecommerce-backend-wb:testIamPermissions [none]
[debug] [2022-06-13T22:29:36.999Z] >>> [apiv2][body] POST https://cloudresourcemanager.googleapis.com/v1/projects/ecommerce-backend-wb:testIamPermissions {"permissions":["cloudfunctions.functions.create","cloudfunctions.functions.delete","cloudfunctions.functions.get","cloudfunctions.functions.list","cloudfunctions.functions.update","cloudfunctions.operations.get","firebase.projects.get","firebasehosting.sites.update"]}
[debug] [2022-06-13T22:29:37.190Z] <<< [apiv2][status] POST https://cloudresourcemanager.googleapis.com/v1/projects/ecommerce-backend-wb:testIamPermissions 200
[debug] [2022-06-13T22:29:37.190Z] <<< [apiv2][body] POST https://cloudresourcemanager.googleapis.com/v1/projects/ecommerce-backend-wb:testIamPermissions {"permissions":["cloudfunctions.functions.create","cloudfunctions.functions.delete","cloudfunctions.functions.get","cloudfunctions.functions.list","cloudfunctions.functions.update","cloudfunctions.operations.get","firebase.projects.get","firebasehosting.sites.update"]}
[debug] [2022-06-13T22:29:37.191Z] >>> [apiv2][query] POST https://iam.googleapis.com/v1/projects/ecommerce-backend-wb/serviceAccounts/ecommerce-backend-wb@appspot.gserviceaccount.com:testIamPermissions [none]
[debug] [2022-06-13T22:29:37.191Z] >>> [apiv2][body] POST https://iam.googleapis.com/v1/projects/ecommerce-backend-wb/serviceAccounts/ecommerce-backend-wb@appspot.gserviceaccount.com:testIamPermissions {"permissions":["iam.serviceAccounts.actAs"]}
[debug] [2022-06-13T22:29:37.410Z] <<< [apiv2][status] POST https://iam.googleapis.com/v1/projects/ecommerce-backend-wb/serviceAccounts/ecommerce-backend-wb@appspot.gserviceaccount.com:testIamPermissions 200
[debug] [2022-06-13T22:29:37.410Z] <<< [apiv2][body] POST https://iam.googleapis.com/v1/projects/ecommerce-backend-wb/serviceAccounts/ecommerce-backend-wb@appspot.gserviceaccount.com:testIamPermissions {"permissions":["iam.serviceAccounts.actAs"]}
[debug] [2022-06-13T22:29:37.411Z] >>> [apiv2][query] GET https://firebase.googleapis.com/v1beta1/projects/ecommerce-backend-wb [none]
[debug] [2022-06-13T22:29:37.855Z] <<< [apiv2][status] GET https://firebase.googleapis.com/v1beta1/projects/ecommerce-backend-wb 200
[debug] [2022-06-13T22:29:37.856Z] <<< [apiv2][body] GET https://firebase.googleapis.com/v1beta1/projects/ecommerce-backend-wb {"projectId":"ecommerce-backend-wb","projectNumber":"608614765308","displayName":"ecommerce-backend-wb","name":"projects/ecommerce-backend-wb","resources":{"hostingSite":"ecommerce-backend-wb","realtimeDatabaseInstance":"ecommerce-backend-wb-default-rtdb"},"state":"ACTIVE"}
[info] 
[info] === Deploying to 'ecommerce-backend-wb'...
[info] 
[info] i  deploying functions, hosting 
[debug] [2022-06-13T22:29:37.860Z] >>> [apiv2][query] GET https://firebase.googleapis.com/v1beta1/projects/ecommerce-backend-wb [none]
[debug] [2022-06-13T22:29:38.187Z] <<< [apiv2][status] GET https://firebase.googleapis.com/v1beta1/projects/ecommerce-backend-wb 200
[debug] [2022-06-13T22:29:38.187Z] <<< [apiv2][body] GET https://firebase.googleapis.com/v1beta1/projects/ecommerce-backend-wb {"projectId":"ecommerce-backend-wb","projectNumber":"608614765308","displayName":"ecommerce-backend-wb","name":"projects/ecommerce-backend-wb","resources":{"hostingSite":"ecommerce-backend-wb","realtimeDatabaseInstance":"ecommerce-backend-wb-default-rtdb"},"state":"ACTIVE"}
[info] i  functions: ensuring required API cloudfunctions.googleapis.com is enabled... 
[info] i  functions: ensuring required API cloudbuild.googleapis.com is enabled... 
[debug] [2022-06-13T22:29:38.189Z] >>> [apiv2][query] GET https://serviceusage.googleapis.com/v1/projects/ecommerce-backend-wb/services/cloudfunctions.googleapis.com [none]
[debug] [2022-06-13T22:29:38.190Z] >>> [apiv2][query] GET https://serviceusage.googleapis.com/v1/projects/ecommerce-backend-wb/services/runtimeconfig.googleapis.com [none]
[debug] [2022-06-13T22:29:38.190Z] >>> [apiv2][query] GET https://serviceusage.googleapis.com/v1/projects/ecommerce-backend-wb/services/cloudbuild.googleapis.com [none]
[debug] [2022-06-13T22:29:38.191Z] >>> [apiv2][query] GET https://serviceusage.googleapis.com/v1/projects/ecommerce-backend-wb/services/artifactregistry.googleapis.com [none]
[debug] [2022-06-13T22:29:38.655Z] <<< [apiv2][status] GET https://serviceusage.googleapis.com/v1/projects/ecommerce-backend-wb/services/artifactregistry.googleapis.com 200
[debug] [2022-06-13T22:29:38.655Z] <<< [apiv2][body] GET https://serviceusage.googleapis.com/v1/projects/ecommerce-backend-wb/services/artifactregistry.googleapis.com [omitted]
[debug] [2022-06-13T22:29:38.656Z] <<< [apiv2][status] GET https://serviceusage.googleapis.com/v1/projects/ecommerce-backend-wb/services/runtimeconfig.googleapis.com 200
[debug] [2022-06-13T22:29:38.656Z] <<< [apiv2][body] GET https://serviceusage.googleapis.com/v1/projects/ecommerce-backend-wb/services/runtimeconfig.googleapis.com [omitted]
[debug] [2022-06-13T22:29:38.657Z] <<< [apiv2][status] GET https://serviceusage.googleapis.com/v1/projects/ecommerce-backend-wb/services/cloudbuild.googleapis.com 200
[debug] [2022-06-13T22:29:38.657Z] <<< [apiv2][body] GET https://serviceusage.googleapis.com/v1/projects/ecommerce-backend-wb/services/cloudbuild.googleapis.com [omitted]
[info] ✔  functions: required API cloudbuild.googleapis.com is enabled 
[debug] [2022-06-13T22:29:38.679Z] <<< [apiv2][status] GET https://serviceusage.googleapis.com/v1/projects/ecommerce-backend-wb/services/cloudfunctions.googleapis.com 200
[debug] [2022-06-13T22:29:38.679Z] <<< [apiv2][body] GET https://serviceusage.googleapis.com/v1/projects/ecommerce-backend-wb/services/cloudfunctions.googleapis.com [omitted]
[info] ✔  functions: required API cloudfunctions.googleapis.com is enabled 
[debug] [2022-06-13T22:29:38.679Z] >>> [apiv2][query] GET https://firebase.googleapis.com/v1beta1/projects/ecommerce-backend-wb/adminSdkConfig [none]
[debug] [2022-06-13T22:29:38.891Z] <<< [apiv2][status] GET https://firebase.googleapis.com/v1beta1/projects/ecommerce-backend-wb/adminSdkConfig 200
[debug] [2022-06-13T22:29:38.891Z] <<< [apiv2][body] GET https://firebase.googleapis.com/v1beta1/projects/ecommerce-backend-wb/adminSdkConfig {"projectId":"ecommerce-backend-wb","databaseURL":"https://ecommerce-backend-wb-default-rtdb.firebaseio.com","storageBucket":"ecommerce-backend-wb.appspot.com"}
[debug] [2022-06-13T22:29:38.892Z] >>> [apiv2][query] GET https://runtimeconfig.googleapis.com/v1beta1/projects/ecommerce-backend-wb/configs [none]
[debug] [2022-06-13T22:29:39.724Z] <<< [apiv2][status] GET https://runtimeconfig.googleapis.com/v1beta1/projects/ecommerce-backend-wb/configs 200
[debug] [2022-06-13T22:29:39.725Z] <<< [apiv2][body] GET https://runtimeconfig.googleapis.com/v1beta1/projects/ecommerce-backend-wb/configs {}
[info] i  functions: preparing codebase default for deployment 
[debug] [2022-06-13T22:29:39.727Z] Validating nodejs source
[debug] [2022-06-13T22:29:40.364Z] > [functions] package.json contents: {
  "name": "functions",
  "description": "Cloud Functions for Firebase",
  "scripts": {
    "serve": "firebase emulators:start --only functions",
    "shell": "firebase functions:shell",
    "start": "npm run shell",
    "deploy": "firebase deploy --only functions",
    "logs": "firebase functions:log"
  },
  "engines": {
    "node": "16"
  },
  "main": "server.js",
  "dependencies": {
    "cors": "^2.8.5",
    "dotenv": "^16.0.1",
    "express": "^4.18.1",
    "firebase-admin": "^10.3.0",
    "firebase-functions": "^3.21.2",
    "mongodb": "^4.7.0"
  },
  "devDependencies": {
    "firebase-functions-test": "^0.2.0"
  },
  "private": true
}
[debug] [2022-06-13T22:29:40.365Z] Building nodejs source
[info] i  functions: Loaded environment variables from .env. 
[debug] [2022-06-13T22:29:40.367Z] Analyzing nodejs backend spec
[info] i  functions: preparing functions directory for uploading... 
[info] i  functions: packaged /Users/wadebooth/code/ecommerce-backend/functions (65.03 KB) for uploading 
[debug] [2022-06-13T22:29:40.588Z] >>> [apiv2][query] GET https://cloudfunctions.googleapis.com/v1/projects/ecommerce-backend-wb/locations/-/functions [none]
[debug] [2022-06-13T22:29:41.433Z] <<< [apiv2][status] GET https://cloudfunctions.googleapis.com/v1/projects/ecommerce-backend-wb/locations/-/functions 200
[debug] [2022-06-13T22:29:41.433Z] <<< [apiv2][body] GET https://cloudfunctions.googleapis.com/v1/projects/ecommerce-backend-wb/locations/-/functions {"functions":[{"name":"projects/ecommerce-backend-wb/locations/us-central1/functions/app","httpsTrigger":{"url":"https://us-central1-ecommerce-backend-wb.cloudfunctions.net/app","securityLevel":"SECURE_ALWAYS"},"status":"ACTIVE","entryPoint":"app","timeout":"60s","availableMemoryMb":256,"serviceAccountEmail":"ecommerce-backend-wb@appspot.gserviceaccount.com","updateTime":"2022-06-13T22:09:39.143Z","versionId":"4","labels":{"deployment-tool":"cli-firebase"},"sourceUploadUrl":"https://storage.googleapis.com/uploads-583178456179.us-central1.cloudfunctions.appspot.com/caa8b61f-c558-4e15-9965-5d2ab2a08c6a.zip","environmentVariables":{"MONGO_URL":"mongodb+srv://wadebooth:LaneKiffin1998@cluster0.tnnhf.mongodb.net/?retryWrites=true&w=majority","FIREBASE_CONFIG":"{\"projectId\":\"ecommerce-backend-wb\",\"databaseURL\":\"https://ecommerce-backend-wb-default-rtdb.firebaseio.com\",\"storageBucket\":\"ecommerce-backend-wb.appspot.com\"}","GCLOUD_PROJECT":"ecommerce-backend-wb"},"runtime":"nodejs16","maxInstances":3000,"ingressSettings":"ALLOW_ALL","buildId":"aab58abb-ebfc-4f42-96c1-26d0ffdf9b14","buildName":"projects/608614765308/locations/us-central1/builds/aab58abb-ebfc-4f42-96c1-26d0ffdf9b14","dockerRegistry":"CONTAINER_REGISTRY"}]}
[debug] [2022-06-13T22:29:41.438Z] >>> [apiv2][query] GET https://firebase.googleapis.com/v1beta1/projects/ecommerce-backend-wb [none]
[debug] [2022-06-13T22:29:41.793Z] <<< [apiv2][status] GET https://firebase.googleapis.com/v1beta1/projects/ecommerce-backend-wb 200
[debug] [2022-06-13T22:29:41.793Z] <<< [apiv2][body] GET https://firebase.googleapis.com/v1beta1/projects/ecommerce-backend-wb {"projectId":"ecommerce-backend-wb","projectNumber":"608614765308","displayName":"ecommerce-backend-wb","name":"projects/ecommerce-backend-wb","resources":{"hostingSite":"ecommerce-backend-wb","realtimeDatabaseInstance":"ecommerce-backend-wb-default-rtdb"},"state":"ACTIVE"}
[debug] [2022-06-13T22:29:41.797Z] >>> [apiv2][query] POST https://firebasehosting.googleapis.com/v1beta1/projects/608614765308/sites/ecommerce-backend-wb/versions [none]
[debug] [2022-06-13T22:29:41.797Z] >>> [apiv2][body] POST https://firebasehosting.googleapis.com/v1beta1/projects/608614765308/sites/ecommerce-backend-wb/versions {"config":{"rewrites":[{"glob":"**","function":"app","functionRegion":"us-central1"}]},"labels":{"deployment-tool":"cli-firebase"}}
[debug] [2022-06-13T22:29:42.533Z] <<< [apiv2][status] POST https://firebasehosting.googleapis.com/v1beta1/projects/608614765308/sites/ecommerce-backend-wb/versions 200
[debug] [2022-06-13T22:29:42.534Z] <<< [apiv2][body] POST https://firebasehosting.googleapis.com/v1beta1/projects/608614765308/sites/ecommerce-backend-wb/versions {"name":"projects/608614765308/sites/ecommerce-backend-wb/versions/8b7c24b959d30e16","status":"CREATED","config":{"rewrites":[{"functionRegion":"us-central1","glob":"**","function":"app"}]},"labels":{"deployment-tool":"cli-firebase"}}
[debug] [2022-06-13T22:29:42.535Z] >>> [apiv2][query] POST https://cloudfunctions.googleapis.com/v1/projects/ecommerce-backend-wb/locations/us-central1/functions:generateUploadUrl [none]
[debug] [2022-06-13T22:29:42.536Z] >>> [apiv2][body] POST https://cloudfunctions.googleapis.com/v1/projects/ecommerce-backend-wb/locations/us-central1/functions:generateUploadUrl {}
[debug] [2022-06-13T22:29:43.240Z] <<< [apiv2][status] POST https://cloudfunctions.googleapis.com/v1/projects/ecommerce-backend-wb/locations/us-central1/functions:generateUploadUrl 200
[debug] [2022-06-13T22:29:43.241Z] <<< [apiv2][body] POST https://cloudfunctions.googleapis.com/v1/projects/ecommerce-backend-wb/locations/us-central1/functions:generateUploadUrl {"uploadUrl":"https://storage.googleapis.com/uploads-583178456179.us-central1.cloudfunctions.appspot.com/5e115b88-3382-46bc-9fa6-9347d8caa561.zip?GoogleAccessId=service-608614765308@gcf-admin-robot.iam.gserviceaccount.com&Expires=1655161183&Signature=fGe88Gu23FpNfI%2Fq18pFf3XEpSga0c2vntTjCxUM%2BeeLE7ph71mQnqO2hnHOe2uQhaq45RnnNfwRVxJK%2BW2bS2sSngrGhpZkG4O%2Bdw4NM7oCvAVcuhr2yjB9I1gEIMUvHj3LE9N1m1umE7t1GTIbIFCejhMLp4LDmQOF3A8SR9zbo0rjlm%2BNKzZ%2FLoATjNR3xo25qh2HpXYeFKB2hsLOMffYct9INh%2FWizQUPzvPRkQiVZQhaQ9rQ3Yzj7kx%2F7QZAScTZcFdqK%2BF27K9DdS%2BDi6HUi%2FAEqGKskdEyYHr4OGkZ3A0ZojgQjLCUC8T7mfbczLIIB8hdzdzVQ53HW8bhw%3D%3D"}
[debug] [2022-06-13T22:29:43.243Z] >>> [apiv2][query] PUT https://storage.googleapis.com/uploads-583178456179.us-central1.cloudfunctions.appspot.com/5e115b88-3382-46bc-9fa6-9347d8caa561.zip GoogleAccessId=service-608614765308%40gcf-admin-robot.iam.gserviceaccount.com&Expires=1655161183&Signature=fGe88Gu23FpNfI%2Fq18pFf3XEpSga0c2vntTjCxUM%2BeeLE7ph71mQnqO2hnHOe2uQhaq45RnnNfwRVxJK%2BW2bS2sSngrGhpZkG4O%2Bdw4NM7oCvAVcuhr2yjB9I1gEIMUvHj3LE9N1m1umE7t1GTIbIFCejhMLp4LDmQOF3A8SR9zbo0rjlm%2BNKzZ%2FLoATjNR3xo25qh2HpXYeFKB2hsLOMffYct9INh%2FWizQUPzvPRkQiVZQhaQ9rQ3Yzj7kx%2F7QZAScTZcFdqK%2BF27K9DdS%2BDi6HUi%2FAEqGKskdEyYHr4OGkZ3A0ZojgQjLCUC8T7mfbczLIIB8hdzdzVQ53HW8bhw%3D%3D
[debug] [2022-06-13T22:29:43.243Z] >>> [apiv2][body] PUT https://storage.googleapis.com/uploads-583178456179.us-central1.cloudfunctions.appspot.com/5e115b88-3382-46bc-9fa6-9347d8caa561.zip [stream]
[debug] [2022-06-13T22:29:43.599Z] <<< [apiv2][status] PUT https://storage.googleapis.com/uploads-583178456179.us-central1.cloudfunctions.appspot.com/5e115b88-3382-46bc-9fa6-9347d8caa561.zip 200
[debug] [2022-06-13T22:29:43.599Z] <<< [apiv2][body] PUT https://storage.googleapis.com/uploads-583178456179.us-central1.cloudfunctions.appspot.com/5e115b88-3382-46bc-9fa6-9347d8caa561.zip [omitted]
[info] ✔  functions: functions folder uploaded successfully 
[info] i  hosting[ecommerce-backend-wb]: beginning deploy... 
[info] i  hosting[ecommerce-backend-wb]: found 1 files in public 
[debug] [2022-06-13T22:29:43.605Z] [hosting] uploading with 200 concurrency
[debug] [2022-06-13T22:29:43.611Z] [hosting] hash cache [cHVibGlj] stored for 1 files
[debug] [2022-06-13T22:29:43.611Z] [hosting][hash queue][FINAL] {"max":0,"min":0,"avg":0,"active":0,"complete":1,"success":1,"errored":0,"retried":0,"total":1,"elapsed":3}
[debug] [2022-06-13T22:29:43.612Z] >>> [apiv2][query] POST https://firebasehosting.googleapis.com/v1beta1/projects/608614765308/sites/ecommerce-backend-wb/versions/8b7c24b959d30e16:populateFiles [none]
[debug] [2022-06-13T22:29:43.612Z] >>> [apiv2][body] POST https://firebasehosting.googleapis.com/v1beta1/projects/608614765308/sites/ecommerce-backend-wb/versions/8b7c24b959d30e16:populateFiles {"files":{"/404.html":"05cbc6f94d7a69ce2e29646eab13be2c884e61ba93e3094df5028866876d18b3"}}
[debug] [2022-06-13T22:29:44.065Z] <<< [apiv2][status] POST https://firebasehosting.googleapis.com/v1beta1/projects/608614765308/sites/ecommerce-backend-wb/versions/8b7c24b959d30e16:populateFiles 200
[debug] [2022-06-13T22:29:44.065Z] <<< [apiv2][body] POST https://firebasehosting.googleapis.com/v1beta1/projects/608614765308/sites/ecommerce-backend-wb/versions/8b7c24b959d30e16:populateFiles {"uploadUrl":"https://upload-firebasehosting.googleapis.com/upload/sites/ecommerce-backend-wb/versions/8b7c24b959d30e16/files"}
[debug] [2022-06-13T22:29:44.066Z] [hosting][populate queue][FINAL] {"max":457,"min":457,"avg":457,"active":0,"complete":1,"success":1,"errored":0,"retried":0,"total":1,"elapsed":457}
[debug] [2022-06-13T22:29:44.067Z] [hosting] uploads queued: 0
[debug] [2022-06-13T22:29:44.067Z] [hosting][upload queue][FINAL] {"max":0,"min":9999999999,"avg":0,"active":0,"complete":0,"success":0,"errored":0,"retried":0,"total":0,"elapsed":1655159384067}
[info] ✔  hosting[ecommerce-backend-wb]: file upload complete 
[debug] [2022-06-13T22:29:44.067Z] [hosting] deploy completed after 466ms
[info] i  functions: updating Node.js 16 function app(us-central1)... 
[debug] [2022-06-13T22:29:44.073Z] >>> [apiv2][query] PATCH https://cloudfunctions.googleapis.com/v1/projects/ecommerce-backend-wb/locations/us-central1/functions/app updateMask=name%2CsourceUploadUrl%2CentryPoint%2Cruntime%2Clabels%2ChttpsTrigger.securityLevel%2CavailableMemoryMb%2CenvironmentVariables%2CsourceToken
[debug] [2022-06-13T22:29:44.073Z] >>> [apiv2][body] PATCH https://cloudfunctions.googleapis.com/v1/projects/ecommerce-backend-wb/locations/us-central1/functions/app {"name":"projects/ecommerce-backend-wb/locations/us-central1/functions/app","sourceUploadUrl":"https://storage.googleapis.com/uploads-583178456179.us-central1.cloudfunctions.appspot.com/5e115b88-3382-46bc-9fa6-9347d8caa561.zip?GoogleAccessId=service-608614765308@gcf-admin-robot.iam.gserviceaccount.com&Expires=1655161183&Signature=fGe88Gu23FpNfI%2Fq18pFf3XEpSga0c2vntTjCxUM%2BeeLE7ph71mQnqO2hnHOe2uQhaq45RnnNfwRVxJK%2BW2bS2sSngrGhpZkG4O%2Bdw4NM7oCvAVcuhr2yjB9I1gEIMUvHj3LE9N1m1umE7t1GTIbIFCejhMLp4LDmQOF3A8SR9zbo0rjlm%2BNKzZ%2FLoATjNR3xo25qh2HpXYeFKB2hsLOMffYct9INh%2FWizQUPzvPRkQiVZQhaQ9rQ3Yzj7kx%2F7QZAScTZcFdqK%2BF27K9DdS%2BDi6HUi%2FAEqGKskdEyYHr4OGkZ3A0ZojgQjLCUC8T7mfbczLIIB8hdzdzVQ53HW8bhw%3D%3D","entryPoint":"app","runtime":"nodejs16","labels":{"deployment-tool":"cli-firebase"},"httpsTrigger":{"securityLevel":"SECURE_ALWAYS"},"availableMemoryMb":256,"environmentVariables":{"MONGO_URL":"mongodb+srv://wadebooth:LaneKiffin1998@cluster0.tnnhf.mongodb.net/?retryWrites=true&w=majority","FIREBASE_CONFIG":"{\"projectId\":\"ecommerce-backend-wb\",\"databaseURL\":\"https://ecommerce-backend-wb-default-rtdb.firebaseio.com\",\"storageBucket\":\"ecommerce-backend-wb.appspot.com\"}","GCLOUD_PROJECT":"ecommerce-backend-wb"}}
[debug] [2022-06-13T22:29:44.563Z] <<< [apiv2][status] PATCH https://cloudfunctions.googleapis.com/v1/projects/ecommerce-backend-wb/locations/us-central1/functions/app 200
[debug] [2022-06-13T22:29:44.563Z] <<< [apiv2][body] PATCH https://cloudfunctions.googleapis.com/v1/projects/ecommerce-backend-wb/locations/us-central1/functions/app {"name":"operations/ZWNvbW1lcmNlLWJhY2tlbmQtd2IvdXMtY2VudHJhbDEvYXBwL3NIWFhTMVNHSjBB","metadata":{"@type":"type.googleapis.com/google.cloud.functions.v1.OperationMetadataV1","target":"projects/ecommerce-backend-wb/locations/us-central1/functions/app","type":"UPDATE_FUNCTION","request":{"@type":"type.googleapis.com/google.cloud.functions.v1.CloudFunction","name":"projects/ecommerce-backend-wb/locations/us-central1/functions/app","httpsTrigger":{"url":"https://us-central1-ecommerce-backend-wb.cloudfunctions.net/app","securityLevel":"SECURE_ALWAYS"},"status":"ACTIVE","entryPoint":"app","timeout":"60s","availableMemoryMb":256,"serviceAccountEmail":"ecommerce-backend-wb@appspot.gserviceaccount.com","updateTime":"2022-06-13T22:09:39.143Z","versionId":"4","labels":{"deployment-tool":"cli-firebase"},"sourceUploadUrl":"https://storage.googleapis.com/uploads-583178456179.us-central1.cloudfunctions.appspot.com/5e115b88-3382-46bc-9fa6-9347d8caa561.zip?GoogleAccessId=service-608614765308@gcf-admin-robot.iam.gserviceaccount.com&Expires=1655161183&Signature=fGe88Gu23FpNfI%2Fq18pFf3XEpSga0c2vntTjCxUM%2BeeLE7ph71mQnqO2hnHOe2uQhaq45RnnNfwRVxJK%2BW2bS2sSngrGhpZkG4O%2Bdw4NM7oCvAVcuhr2yjB9I1gEIMUvHj3LE9N1m1umE7t1GTIbIFCejhMLp4LDmQOF3A8SR9zbo0rjlm%2BNKzZ%2FLoATjNR3xo25qh2HpXYeFKB2hsLOMffYct9INh%2FWizQUPzvPRkQiVZQhaQ9rQ3Yzj7kx%2F7QZAScTZcFdqK%2BF27K9DdS%2BDi6HUi%2FAEqGKskdEyYHr4OGkZ3A0ZojgQjLCUC8T7mfbczLIIB8hdzdzVQ53HW8bhw%3D%3D","environmentVariables":{"MONGO_URL":"mongodb+srv://wadebooth:LaneKiffin1998@cluster0.tnnhf.mongodb.net/?retryWrites=true&w=majority","FIREBASE_CONFIG":"{\"projectId\":\"ecommerce-backend-wb\",\"databaseURL\":\"https://ecommerce-backend-wb-default-rtdb.firebaseio.com\",\"storageBucket\":\"ecommerce-backend-wb.appspot.com\"}","GCLOUD_PROJECT":"ecommerce-backend-wb"},"runtime":"nodejs16","maxInstances":3000,"ingressSettings":"ALLOW_ALL","buildId":"aab58abb-ebfc-4f42-96c1-26d0ffdf9b14","buildName":"projects/608614765308/locations/us-central1/builds/aab58abb-ebfc-4f42-96c1-26d0ffdf9b14","dockerRegistry":"CONTAINER_REGISTRY"},"versionId":"5","updateTime":"2022-06-13T22:29:44Z"}}
[debug] [2022-06-13T22:29:44.565Z] >>> [apiv2][query] GET https://cloudfunctions.googleapis.com/v1/operations/ZWNvbW1lcmNlLWJhY2tlbmQtd2IvdXMtY2VudHJhbDEvYXBwL3NIWFhTMVNHSjBB [none]
[debug] [2022-06-13T22:29:44.940Z] <<< [apiv2][status] GET https://cloudfunctions.googleapis.com/v1/operations/ZWNvbW1lcmNlLWJhY2tlbmQtd2IvdXMtY2VudHJhbDEvYXBwL3NIWFhTMVNHSjBB 200
[debug] [2022-06-13T22:29:44.940Z] <<< [apiv2][body] GET https://cloudfunctions.googleapis.com/v1/operations/ZWNvbW1lcmNlLWJhY2tlbmQtd2IvdXMtY2VudHJhbDEvYXBwL3NIWFhTMVNHSjBB {"name":"operations/ZWNvbW1lcmNlLWJhY2tlbmQtd2IvdXMtY2VudHJhbDEvYXBwL3NIWFhTMVNHSjBB","metadata":{"@type":"type.googleapis.com/google.cloud.functions.v1.OperationMetadataV1","target":"projects/ecommerce-backend-wb/locations/us-central1/functions/app","type":"UPDATE_FUNCTION","request":{"@type":"type.googleapis.com/google.cloud.functions.v1.CloudFunction","name":"projects/ecommerce-backend-wb/locations/us-central1/functions/app","httpsTrigger":{"url":"https://us-central1-ecommerce-backend-wb.cloudfunctions.net/app","securityLevel":"SECURE_ALWAYS"},"status":"ACTIVE","entryPoint":"app","timeout":"60s","availableMemoryMb":256,"serviceAccountEmail":"ecommerce-backend-wb@appspot.gserviceaccount.com","updateTime":"2022-06-13T22:09:39.143Z","versionId":"4","labels":{"deployment-tool":"cli-firebase"},"sourceUploadUrl":"https://storage.googleapis.com/uploads-583178456179.us-central1.cloudfunctions.appspot.com/5e115b88-3382-46bc-9fa6-9347d8caa561.zip?GoogleAccessId=service-608614765308@gcf-admin-robot.iam.gserviceaccount.com&Expires=1655161183&Signature=fGe88Gu23FpNfI%2Fq18pFf3XEpSga0c2vntTjCxUM%2BeeLE7ph71mQnqO2hnHOe2uQhaq45RnnNfwRVxJK%2BW2bS2sSngrGhpZkG4O%2Bdw4NM7oCvAVcuhr2yjB9I1gEIMUvHj3LE9N1m1umE7t1GTIbIFCejhMLp4LDmQOF3A8SR9zbo0rjlm%2BNKzZ%2FLoATjNR3xo25qh2HpXYeFKB2hsLOMffYct9INh%2FWizQUPzvPRkQiVZQhaQ9rQ3Yzj7kx%2F7QZAScTZcFdqK%2BF27K9DdS%2BDi6HUi%2FAEqGKskdEyYHr4OGkZ3A0ZojgQjLCUC8T7mfbczLIIB8hdzdzVQ53HW8bhw%3D%3D","environmentVariables":{"MONGO_URL":"mongodb+srv://wadebooth:LaneKiffin1998@cluster0.tnnhf.mongodb.net/?retryWrites=true&w=majority","FIREBASE_CONFIG":"{\"projectId\":\"ecommerce-backend-wb\",\"databaseURL\":\"https://ecommerce-backend-wb-default-rtdb.firebaseio.com\",\"storageBucket\":\"ecommerce-backend-wb.appspot.com\"}","GCLOUD_PROJECT":"ecommerce-backend-wb"},"runtime":"nodejs16","maxInstances":3000,"ingressSettings":"ALLOW_ALL","buildId":"aab58abb-ebfc-4f42-96c1-26d0ffdf9b14","buildName":"projects/608614765308/locations/us-central1/builds/aab58abb-ebfc-4f42-96c1-26d0ffdf9b14","dockerRegistry":"CONTAINER_REGISTRY"},"versionId":"5","updateTime":"2022-06-13T22:29:44Z"}}
[debug] [2022-06-13T22:29:45.442Z] [update-default-us-central1-app] Retrying task index 0
[debug] [2022-06-13T22:29:45.443Z] >>> [apiv2][query] GET https://cloudfunctions.googleapis.com/v1/operations/ZWNvbW1lcmNlLWJhY2tlbmQtd2IvdXMtY2VudHJhbDEvYXBwL3NIWFhTMVNHSjBB [none]
[debug] [2022-06-13T22:29:45.767Z] <<< [apiv2][status] GET https://cloudfunctions.googleapis.com/v1/operations/ZWNvbW1lcmNlLWJhY2tlbmQtd2IvdXMtY2VudHJhbDEvYXBwL3NIWFhTMVNHSjBB 200
[debug] [2022-06-13T22:29:45.767Z] <<< [apiv2][body] GET https://cloudfunctions.googleapis.com/v1/operations/ZWNvbW1lcmNlLWJhY2tlbmQtd2IvdXMtY2VudHJhbDEvYXBwL3NIWFhTMVNHSjBB {"name":"operations/ZWNvbW1lcmNlLWJhY2tlbmQtd2IvdXMtY2VudHJhbDEvYXBwL3NIWFhTMVNHSjBB","metadata":{"@type":"type.googleapis.com/google.cloud.functions.v1.OperationMetadataV1","target":"projects/ecommerce-backend-wb/locations/us-central1/functions/app","type":"UPDATE_FUNCTION","request":{"@type":"type.googleapis.com/google.cloud.functions.v1.CloudFunction","name":"projects/ecommerce-backend-wb/locations/us-central1/functions/app","httpsTrigger":{"url":"https://us-central1-ecommerce-backend-wb.cloudfunctions.net/app","securityLevel":"SECURE_ALWAYS"},"status":"ACTIVE","entryPoint":"app","timeout":"60s","availableMemoryMb":256,"serviceAccountEmail":"ecommerce-backend-wb@appspot.gserviceaccount.com","updateTime":"2022-06-13T22:09:39.143Z","versionId":"4","labels":{"deployment-tool":"cli-firebase"},"sourceUploadUrl":"https://storage.googleapis.com/uploads-583178456179.us-central1.cloudfunctions.appspot.com/5e115b88-3382-46bc-9fa6-9347d8caa561.zip?GoogleAccessId=service-608614765308@gcf-admin-robot.iam.gserviceaccount.com&Expires=1655161183&Signature=fGe88Gu23FpNfI%2Fq18pFf3XEpSga0c2vntTjCxUM%2BeeLE7ph71mQnqO2hnHOe2uQhaq45RnnNfwRVxJK%2BW2bS2sSngrGhpZkG4O%2Bdw4NM7oCvAVcuhr2yjB9I1gEIMUvHj3LE9N1m1umE7t1GTIbIFCejhMLp4LDmQOF3A8SR9zbo0rjlm%2BNKzZ%2FLoATjNR3xo25qh2HpXYeFKB2hsLOMffYct9INh%2FWizQUPzvPRkQiVZQhaQ9rQ3Yzj7kx%2F7QZAScTZcFdqK%2BF27K9DdS%2BDi6HUi%2FAEqGKskdEyYHr4OGkZ3A0ZojgQjLCUC8T7mfbczLIIB8hdzdzVQ53HW8bhw%3D%3D","environmentVariables":{"MONGO_URL":"mongodb+srv://wadebooth:LaneKiffin1998@cluster0.tnnhf.mongodb.net/?retryWrites=true&w=majority","FIREBASE_CONFIG":"{\"projectId\":\"ecommerce-backend-wb\",\"databaseURL\":\"https://ecommerce-backend-wb-default-rtdb.firebaseio.com\",\"storageBucket\":\"ecommerce-backend-wb.appspot.com\"}","GCLOUD_PROJECT":"ecommerce-backend-wb"},"runtime":"nodejs16","maxInstances":3000,"ingressSettings":"ALLOW_ALL","buildId":"aab58abb-ebfc-4f42-96c1-26d0ffdf9b14","buildName":"projects/608614765308/locations/us-central1/builds/aab58abb-ebfc-4f42-96c1-26d0ffdf9b14","dockerRegistry":"CONTAINER_REGISTRY"},"versionId":"5","updateTime":"2022-06-13T22:29:44Z","buildId":"81057de2-4de8-49ab-a2c8-5531c3a61890","buildName":"projects/608614765308/locations/us-central1/builds/81057de2-4de8-49ab-a2c8-5531c3a61890"}}
[debug] [2022-06-13T22:29:46.768Z] [update-default-us-central1-app] Retrying task index 0
[debug] [2022-06-13T22:29:46.769Z] >>> [apiv2][query] GET https://cloudfunctions.googleapis.com/v1/operations/ZWNvbW1lcmNlLWJhY2tlbmQtd2IvdXMtY2VudHJhbDEvYXBwL3NIWFhTMVNHSjBB [none]
[debug] [2022-06-13T22:29:47.037Z] <<< [apiv2][status] GET https://cloudfunctions.googleapis.com/v1/operations/ZWNvbW1lcmNlLWJhY2tlbmQtd2IvdXMtY2VudHJhbDEvYXBwL3NIWFhTMVNHSjBB 200
[debug] [2022-06-13T22:29:47.037Z] <<< [apiv2][body] GET https://cloudfunctions.googleapis.com/v1/operations/ZWNvbW1lcmNlLWJhY2tlbmQtd2IvdXMtY2VudHJhbDEvYXBwL3NIWFhTMVNHSjBB {"name":"operations/ZWNvbW1lcmNlLWJhY2tlbmQtd2IvdXMtY2VudHJhbDEvYXBwL3NIWFhTMVNHSjBB","metadata":{"@type":"type.googleapis.com/google.cloud.functions.v1.OperationMetadataV1","target":"projects/ecommerce-backend-wb/locations/us-central1/functions/app","type":"UPDATE_FUNCTION","request":{"@type":"type.googleapis.com/google.cloud.functions.v1.CloudFunction","name":"projects/ecommerce-backend-wb/locations/us-central1/functions/app","httpsTrigger":{"url":"https://us-central1-ecommerce-backend-wb.cloudfunctions.net/app","securityLevel":"SECURE_ALWAYS"},"status":"ACTIVE","entryPoint":"app","timeout":"60s","availableMemoryMb":256,"serviceAccountEmail":"ecommerce-backend-wb@appspot.gserviceaccount.com","updateTime":"2022-06-13T22:09:39.143Z","versionId":"4","labels":{"deployment-tool":"cli-firebase"},"sourceUploadUrl":"https://storage.googleapis.com/uploads-583178456179.us-central1.cloudfunctions.appspot.com/5e115b88-3382-46bc-9fa6-9347d8caa561.zip?GoogleAccessId=service-608614765308@gcf-admin-robot.iam.gserviceaccount.com&Expires=1655161183&Signature=fGe88Gu23FpNfI%2Fq18pFf3XEpSga0c2vntTjCxUM%2BeeLE7ph71mQnqO2hnHOe2uQhaq45RnnNfwRVxJK%2BW2bS2sSngrGhpZkG4O%2Bdw4NM7oCvAVcuhr2yjB9I1gEIMUvHj3LE9N1m1umE7t1GTIbIFCejhMLp4LDmQOF3A8SR9zbo0rjlm%2BNKzZ%2FLoATjNR3xo25qh2HpXYeFKB2hsLOMffYct9INh%2FWizQUPzvPRkQiVZQhaQ9rQ3Yzj7kx%2F7QZAScTZcFdqK%2BF27K9DdS%2BDi6HUi%2FAEqGKskdEyYHr4OGkZ3A0ZojgQjLCUC8T7mfbczLIIB8hdzdzVQ53HW8bhw%3D%3D","environmentVariables":{"MONGO_URL":"mongodb+srv://wadebooth:LaneKiffin1998@cluster0.tnnhf.mongodb.net/?retryWrites=true&w=majority","FIREBASE_CONFIG":"{\"projectId\":\"ecommerce-backend-wb\",\"databaseURL\":\"https://ecommerce-backend-wb-default-rtdb.firebaseio.com\",\"storageBucket\":\"ecommerce-backend-wb.appspot.com\"}","GCLOUD_PROJECT":"ecommerce-backend-wb"},"runtime":"nodejs16","maxInstances":3000,"ingressSettings":"ALLOW_ALL","buildId":"aab58abb-ebfc-4f42-96c1-26d0ffdf9b14","buildName":"projects/608614765308/locations/us-central1/builds/aab58abb-ebfc-4f42-96c1-26d0ffdf9b14","dockerRegistry":"CONTAINER_REGISTRY"},"versionId":"5","updateTime":"2022-06-13T22:29:44Z","buildId":"81057de2-4de8-49ab-a2c8-5531c3a61890","buildName":"projects/608614765308/locations/us-central1/builds/81057de2-4de8-49ab-a2c8-5531c3a61890"}}
